<?xml version="1.0" encoding="UTF-8"?>
<testsuite xmlns:xsi="http://www.w3.org/2001/XMLSchema-instance" xsi:noNamespaceSchemaLocation="https://maven.apache.org/surefire/maven-surefire-plugin/xsd/surefire-test-report-3.0.xsd" version="3.0" name="fr.epsi.service.CommandeServiceMockTest" time="3.785" tests="5" errors="0" skipped="0" failures="0">
  <properties>
[...]
</properties>
  <testcase name="commandeRealisable_StockInsuffisant_RetourneFalse" classname="fr.epsi.service.CommandeServiceMockTest" time="3.556">
    <system-err><![CDATA[WARNING: A Java agent has been loaded dynamically (C:\Users\Sofiane\.m2\repository\net\bytebuddy\byte-buddy-agent\1.14.6\byte-buddy-agent-1.14.6.jar)
WARNING: If a serviceability tool is in use, please run with -XX:+EnableDynamicAgentLoading to hide this warning
WARNING: If a serviceability tool is not in use, please run with -Djdk.instrument.traceUsage for more information
WARNING: Dynamic loading of agents will be disallowed by default in a future release
]]></system-err>
  </testcase>
  <testcase name="commandeRealisable_StockSuffisant_RetourneTrue" classname="fr.epsi.service.CommandeServiceMockTest" time="0.048"/>
  <testcase name="commandeRealisable_SansRepository_LeveException" classname="fr.epsi.service.CommandeServiceMockTest" time="0.02"/>
  <testcase name="commandeRealisable_StockEgalDemande_RetourneTrue" classname="fr.epsi.service.CommandeServiceMockTest" time="0.009"/>
  <testcase name="commandeRealisable_StockZero_RetourneFalse" classname="fr.epsi.service.CommandeServiceMockTest" time="0.008"/>
</testsuite>